{"level":"info","message":"Fetching all tasks","timestamp":"2025-09-24T05:28:27.062Z"}
{"level":"info","message":"Fetching all tasks","timestamp":"2025-09-24T05:39:38.184Z"}
{"level":"http","message":"GET /api/tasks 200 102 - 6.546 ms","timestamp":"2025-09-24T05:39:38.192Z"}
{"level":"info","message":"Fetch task with ID 1","timestamp":"2025-09-24T05:39:42.516Z"}
{"level":"http","message":"GET /api/tasks/1 200 50 - 1.636 ms","timestamp":"2025-09-24T05:39:42.518Z"}
{"level":"warn","message":"Task with ID 5 not found","timestamp":"2025-09-24T05:39:45.281Z"}
{"level":"http","message":"GET /api/tasks/5 404 44 - 1.945 ms","timestamp":"2025-09-24T05:39:45.283Z"}
{"level":"info","message":"Fetching all tasks","timestamp":"2025-09-24T06:05:44.040Z"}
{"level":"http","message":"GET /api/tasks 200 155 - 6.612 ms","timestamp":"2025-09-24T06:05:44.047Z"}
{"level":"info","message":"Fetching all tasks","timestamp":"2025-09-24T06:05:56.644Z"}
{"level":"http","message":"GET /api/tasks 200 154 - 1.621 ms","timestamp":"2025-09-24T06:05:56.646Z"}
{"level":"info","message":"Fetching all tasks","timestamp":"2025-09-24T07:20:55.247Z"}
{"level":"http","message":"GET /api/tasks 200 155 - 4.940 ms","timestamp":"2025-09-24T07:20:55.252Z"}
{"level":"info","message":"Fetch task with ID 1","timestamp":"2025-09-24T07:20:55.265Z"}
{"level":"http","message":"GET /api/tasks/1 200 50 - 1.866 ms","timestamp":"2025-09-24T07:20:55.267Z"}
{"level":"warn","message":"Task with ID 999 not found","timestamp":"2025-09-24T07:20:55.277Z"}
{"level":"http","message":"GET /api/tasks/999 404 44 - 47.546 ms","timestamp":"2025-09-24T07:20:55.323Z"}
{"level":"info","message":"Created new task with ID 4: \"Test task\"","timestamp":"2025-09-24T07:20:55.373Z"}
{"level":"http","message":"POST /api/tasks 201 46 - 11.081 ms","timestamp":"2025-09-24T07:20:55.375Z"}
{"level":"info","message":"Updated task with ID 1","timestamp":"2025-09-24T07:20:55.390Z"}
{"level":"http","message":"PUT /api/tasks/1 200 48 - 4.348 ms","timestamp":"2025-09-24T07:20:55.392Z"}
{"level":"info","message":"Deleted task with ID 2","timestamp":"2025-09-24T07:20:55.402Z"}
{"level":"http","message":"DELETE /api/tasks/2 200 39 - 4.204 ms","timestamp":"2025-09-24T07:20:55.404Z"}
{"level":"warn","message":"Failed to delete - Task with ID 999 not found","timestamp":"2025-09-24T07:20:55.413Z"}
{"level":"http","message":"DELETE /api/tasks/999 404 44 - 12.935 ms","timestamp":"2025-09-24T07:20:55.426Z"}
{"level":"info","message":"Fetching all tasks","timestamp":"2025-09-24T07:42:35.025Z"}
{"level":"http","message":"GET /api/tasks 200 150 - 6.816 ms","timestamp":"2025-09-24T07:42:35.032Z"}
{"level":"info","message":"Fetch task with ID 1","timestamp":"2025-09-24T07:42:40.928Z"}
{"level":"http","message":"GET /api/tasks/1 200 48 - 1.442 ms","timestamp":"2025-09-24T07:42:40.929Z"}
{"level":"info","message":"Created new task with ID 4: \"paopaoapaopaoa\"","timestamp":"2025-09-24T07:42:49.035Z"}
{"level":"http","message":"POST /api/tasks 201 52 - 7.900 ms","timestamp":"2025-09-24T07:42:49.037Z"}
{"level":"info","message":"Fetching all tasks","timestamp":"2025-09-24T07:42:56.912Z"}
{"level":"http","message":"GET /api/tasks 200 203 - 1.172 ms","timestamp":"2025-09-24T07:42:56.913Z"}
{"level":"http","message":"GET /api/tasks 404 148 - 1.963 ms","timestamp":"2025-09-24T09:55:53.475Z"}
{"level":"http","message":"GET /api/tasks 404 148 - 2.672 ms","timestamp":"2025-09-24T09:58:46.672Z"}
{"level":"http","message":"GET /api/tasks 404 148 - 0.842 ms","timestamp":"2025-09-24T09:58:54.047Z"}
{"level":"info","message":"Fetching all tasks","timestamp":"2025-09-24T09:59:03.088Z"}
{"level":"http","message":"GET /api/tasks 200 155 - 11.145 ms","timestamp":"2025-09-24T09:59:03.098Z"}
{"level":"info","message":"Created new task with ID 4: \"New Title\"","timestamp":"2025-09-24T10:01:49.805Z"}
{"level":"http","message":"POST /api/tasks 201 45 - 7.098 ms","timestamp":"2025-09-24T10:01:49.808Z"}
{"level":"http","message":"PUT /api/tasks 404 148 - 1.307 ms","timestamp":"2025-09-24T10:02:36.964Z"}
{"level":"info","message":"Updated task with ID 1","timestamp":"2025-09-24T10:02:39.514Z"}
{"level":"http","message":"PUT /api/tasks/1 200 48 - 3.691 ms","timestamp":"2025-09-24T10:02:39.516Z"}
{"level":"info","message":"Deleted task with ID 1","timestamp":"2025-09-24T10:03:07.669Z"}
{"level":"http","message":"DELETE /api/tasks/1 200 39 - 2.320 ms","timestamp":"2025-09-24T10:03:07.670Z"}
